Vercel CLI 56.3.1 (Node.js 24.14.1)
> NOTE: The Vercel CLI now collects telemetry regarding usage of the CLI.
> This information is used to shape the CLI roadmap and prioritize features.
> You can learn more, including how to opt-out if you'd not like to participate in this program, by visiting the following URL:
> https://vercel.com/docs/cli/about-telemetry
Loading teams…

  Directory       /vercel/share/v0-project

Searching for existing projects…

  Detected Next.js (Build Command: next build, Output Directory: Next.js default)

✓ Created         newsweek2002-2162s-projects/v0-project

> Connecting GitHub repository: https://github.com/DigiNexus-code/estatebase
> Connected
Deploying newsweek2002-2162s-projects/v0-project
Uploading [--------------------] (0.0B/172.1KB)
Uploading [=====---------------] (43.7KB/172.1KB)
Uploading [==========----------] (87.6KB/172.1KB)
Uploading [===============-----] (133.2KB/172.1KB)
Uploading [====================] (172.1KB/172.1KB)
  Inspect         https://vercel.com/newsweek2002-2162s-projects/v0-project/6Z7gEGt6ZLSBzfXr1zG4NdN3rtZb
  Production      https://v0-project-q8gxd53v2-newsweek2002-2162s-projects.vercel.app
https://v0-project-q8gxd53v2-newsweek2002-2162s-projects.vercel.appBuilding…
Building…
Running build in Washington, D.C., USA (East) – iad1
Build machine configuration: 2 cores, 8 GB
Retrieving list of deployment files...
Previous build caches not available.
Downloading 60 deployment files...
Running "vercel build"
Vercel CLI 56.2.0
Detected `pnpm-lock.yaml` 9 which may be generated by pnpm@9.x or pnpm@10.x
Using pnpm@10.x based on project creation date
To use pnpm@9.x, manually opt in using corepack (https://vercel.com/docs/deployments/configure-a-build#corepack)
Installing dependencies...
Lockfile is up to date, resolution step is skipped
Progress: resolved 1, reused 0, downloaded 0, added 0
Packages: +117
++++++++++++++++++++++++++++++++++++++++++++++++++++++++++++++++++++++++++++++++
Progress: resolved 117, reused 0, downloaded 17, added 2
Progress: resolved 117, reused 0, downloaded 25, added 4
Progress: resolved 117, reused 0, downloaded 77, added 17
Progress: resolved 117, reused 0, downloaded 116, added 32
Progress: resolved 117, reused 0, downloaded 117, added 53
Progress: resolved 117, reused 0, downloaded 117, added 117, done
dependencies:
+ @supabase/ssr 0.5.2
+ @supabase/supabase-js 2.110.7
+ next 14.2.5
+ react 18.3.1
+ react-dom 18.3.1
devDependencies:
+ @types/node 20.19.43
+ @types/react 18.3.31
+ @types/react-dom 18.3.7
+ autoprefixer 10.5.4
+ postcss 8.5.19
+ tailwindcss 3.4.19
+ typescript 5.7.3
Done in 5.8s using pnpm v10.28.0
Detected Next.js version: 14.2.5
Running "pnpm run build"
> estatebase@0.1.0 build /vercel/path0
> next build
Attention: Next.js now collects completely anonymous telemetry regarding usage.
This information is used to shape Next.js' roadmap and prioritize features.
You can learn more, including how to opt-out if you'd not like to participate in this anonymous program, by visiting the following URL:
https://nextjs.org/telemetry
▲ Next.js 14.2.5
Creating an optimized production build ...
<w> [webpack.cache.PackFileCacheStrategy] Serializing big strings (106kiB) impacts deserialization performance (consider using Buffer instead and decode when needed)
<w> [webpack.cache.PackFileCacheStrategy] Serializing big strings (253kiB) impacts deserialization performance (consider using Buffer instead and decode when needed)
Browserslist: caniuse-lite is outdated. Please run:
npx update-browserslist-db@latest
Why you should do it regularly: https://github.com/browserslist/update-db#readme
✓ Compiled successfully
Skipping validation of types
Linting ...
We detected TypeScript in your project and reconfigured your tsconfig.json file for you. Strict-mode is set to false by default.
The following mandatory changes were made to your tsconfig.json:
- jsx was set to preserve (next.js implements its own optimized jsx transform)
Collecting page data ...
Generating static pages (0/13) ...
Generating static pages (3/13)
Generating static pages (6/13)
Generating static pages (9/13)
⨯ useSearchParams() should be wrapped in a suspense boundary at page "/login". Read more: https://nextjs.org/docs/messages/missing-suspense-with-csr-bailout
at o (/vercel/path0/.next/server/chunks/464.js:1:11078)
at s (/vercel/path0/.next/server/chunks/464.js:1:22030)
at l (/vercel/path0/.next/server/app/login/page.js:1:2280)
at nj (/vercel/path0/node_modules/.pnpm/next@14.2.5_react-dom@18.3.1_react@18.3.1__react@18.3.1/node_modules/next/dist/compiled/next-server/app-page.runtime.prod.js:12:46251)
at nM (/vercel/path0/node_modules/.pnpm/next@14.2.5_react-dom@18.3.1_react@18.3.1__react@18.3.1/node_modules/next/dist/compiled/next-server/app-page.runtime.prod.js:12:47571)
at nN (/vercel/path0/node_modules/.pnpm/next@14.2.5_react-dom@18.3.1_react@18.3.1__react@18.3.1/node_modules/next/dist/compiled/next-server/app-page.runtime.prod.js:12:64546)
at nI (/vercel/path0/node_modules/.pnpm/next@14.2.5_react-dom@18.3.1_react@18.3.1__react@18.3.1/node_modules/next/dist/compiled/next-server/app-page.runtime.prod.js:12:47010)
at nM (/vercel/path0/node_modules/.pnpm/next@14.2.5_react-dom@18.3.1_react@18.3.1__react@18.3.1/node_modules/next/dist/compiled/next-server/app-page.runtime.prod.js:12:47717)
at nM (/vercel/path0/node_modules/.pnpm/next@14.2.5_react-dom@18.3.1_react@18.3.1__react@18.3.1/node_modules/next/dist/compiled/next-server/app-page.runtime.prod.js:12:61546)
at nN (/vercel/path0/node_modules/.pnpm/next@14.2.5_react-dom@18.3.1_react@18.3.1__react@18.3.1/node_modules/next/dist/compiled/next-server/app-page.runtime.prod.js:12:64546)
Error occurred prerendering page "/login". Read more: https://nextjs.org/docs/messages/prerender-error
✓ Generating static pages (13/13)
> Export encountered errors on following paths:
/login/page: /login
ELIFECYCLE  Command failed with exit code 1.
Error: Command "pnpm run build" exited with 1
Error: Command "pnpm run build" exited with 1
